2026-07-18 09:02:39 | INFO | ============================================================
2026-07-18 09:02:39 | INFO | SentinelAI 1.0.0
2026-07-18 09:02:39 | INFO | Starting SentinelAI
2026-07-18 09:02:39 | INFO | ============================================================
2026-07-18 09:02:39 | INFO | [SYSTEM] SentinelAI Started
2026-07-18 09:02:39 | INFO | Starting Monitor Manager...
2026-07-18 09:02:39 | INFO | [SYSTEM] Windows Monitor Started
2026-07-18 09:02:39 | INFO | [LOGIN] User Logged In
2026-07-18 09:02:39 | INFO | [USB] USB Device Detected
2026-07-18 09:02:39 | INFO | [USB] USB Device Detected
2026-07-18 09:02:39 | INFO | [USB] USB Device Detected
2026-07-18 09:02:39 | INFO | All monitors started successfully.
2026-07-18 09:02:39 | INFO | Monitor Manager is running.
2026-07-18 09:02:57 | INFO | Monitor Manager stopped.
2026-07-18 09:03:51 | INFO | ============================================================
2026-07-18 09:03:51 | INFO | SentinelAI 1.0.0
2026-07-18 09:03:51 | INFO | Starting SentinelAI...
2026-07-18 09:03:51 | INFO | ============================================================
2026-07-18 09:03:51 | INFO | [SYSTEM] SentinelAI Started
2026-07-18 09:03:51 | INFO | Starting Monitor Manager...
2026-07-18 09:03:51 | INFO | [SYSTEM] Windows Monitor Started
2026-07-18 09:03:51 | INFO | [LOGIN] User Logged In
2026-07-18 09:03:51 | INFO | [USB] USB Device Detected
2026-07-18 09:03:51 | INFO | [USB] USB Device Detected
2026-07-18 09:03:51 | INFO | [USB] USB Device Detected
2026-07-18 09:03:51 | INFO | All monitors started successfully.
2026-07-18 09:03:51 | INFO | Monitor Manager is running.
2026-07-18 09:03:56 | INFO | Monitor Manager stopped.
2026-07-18 09:03:56 | INFO | SentinelAI Stopped
2026-07-18 11:33:27 | INFO | SentinelAI Starting...
2026-07-18 11:33:27 | INFO | [SYSTEM] Windows Monitor Started
2026-07-18 11:33:27 | INFO | [LOGIN] User Logged In
2026-07-18 11:33:27 | INFO | [USB] USB Device Detected
2026-07-18 11:33:27 | INFO | [USB] USB Device Detected
2026-07-18 11:33:27 | INFO | [USB] USB Device Detected
2026-07-18 11:38:48 | INFO | SentinelAI Stopped
2026-07-18 11:49:22 | INFO | SentinelAI Starting...
2026-07-18 11:49:22 | INFO | [SYSTEM] Windows Monitor Started
2026-07-18 11:49:22 | INFO | [LOGIN] User Logged In
2026-07-18 11:49:22 | INFO | [USB] USB Device Detected
2026-07-18 11:49:22 | INFO | [USB] USB Device Detected
2026-07-18 11:49:22 | INFO | [USB] USB Device Detected
2026-07-18 12:02:18 | INFO | SentinelAI Stopped
2026-07-18 12:02:22 | INFO | SentinelAI Starting...
2026-07-18 12:02:22 | INFO | [SYSTEM] Windows Monitor Started
2026-07-18 12:02:22 | INFO | [LOGIN] User Logged In
2026-07-18 12:02:23 | INFO | [USB] USB Device Detected
2026-07-18 12:02:23 | INFO | [USB] USB Device Detected
2026-07-18 12:02:23 | INFO | [USB] USB Device Detected
2026-07-18 12:02:23 | INFO | [EVENTLOG] INFO
2026-07-18 12:02:23 | INFO | [EVENTLOG] INFO
2026-07-18 12:02:23 | INFO | [EVENTLOG] INFO
2026-07-18 12:02:23 | INFO | [EVENTLOG] INFO
2026-07-18 12:02:23 | INFO | [EVENTLOG] INFO
2026-07-18 12:02:23 | INFO | [EVENTLOG] INFO
2026-07-18 12:02:23 | INFO | [EVENTLOG] INFO
2026-07-18 12:02:23 | INFO | [EVENTLOG] INFO
2026-07-18 12:02:23 | INFO | [EVENTLOG] INFO
2026-07-18 12:02:23 | INFO | [EVENTLOG] INFO
2026-07-18 12:02:23 | INFO | [EVENTLOG] INFO
2026-07-18 12:02:23 | INFO | [EVENTLOG] INFO
2026-07-18 12:04:38 | INFO | SentinelAI Stopped
2026-07-18 12:15:09 | INFO | SentinelAI Starting...
2026-07-18 12:15:09 | INFO | [SYSTEM] Windows Monitor Started
2026-07-18 12:15:09 | INFO | [LOGIN] User Logged In
2026-07-18 12:15:09 | INFO | [USB] USB Device Detected
2026-07-18 12:15:09 | INFO | [USB] USB Device Detected
2026-07-18 12:15:09 | INFO | [USB] USB Device Detected
2026-07-18 12:19:39 | INFO | SentinelAI Stopped
2026-07-18 13:17:22 | INFO | SentinelAI Starting...
2026-07-18 13:17:23 | INFO | [SYSTEM] Windows Monitor Started
2026-07-18 13:17:23 | INFO | [LOGIN] User Logged In
2026-07-18 13:17:23 | INFO | [USB] USB Device Detected
2026-07-18 13:17:23 | INFO | [USB] USB Device Detected
2026-07-18 13:17:23 | INFO | [USB] USB Device Detected
2026-07-18 13:17:23 | INFO | [EVENTLOG] WARNING
2026-07-18 13:17:43 | INFO | [EVENTLOG] ERROR
2026-07-18 13:17:53 | INFO | [EVENTLOG] WARNING
2026-07-18 13:17:53 | INFO | [EVENTLOG] WARNING
2026-07-18 13:18:03 | INFO | [EVENTLOG] ERROR
2026-07-18 13:18:03 | INFO | [EVENTLOG] WARNING
2026-07-18 13:18:23 | INFO | [EVENTLOG] ERROR
2026-07-18 13:18:23 | INFO | [EVENTLOG] ERROR
2026-07-18 13:18:23 | INFO | [EVENTLOG] WARNING
2026-07-18 13:18:23 | INFO | [EVENTLOG] WARNING
2026-07-18 13:18:23 | INFO | [NETWORK] WARNING
2026-07-18 13:18:29 | INFO | [NETWORK] INFO
2026-07-18 13:18:33 | INFO | [EVENTLOG] WARNING
2026-07-18 13:20:03 | INFO | [EVENTLOG] WARNING
2026-07-18 13:20:03 | INFO | [EVENTLOG] WARNING
2026-07-18 13:20:13 | INFO | [EVENTLOG] ERROR
2026-07-18 13:20:13 | INFO | [EVENTLOG] ERROR
2026-07-18 13:20:13 | INFO | [EVENTLOG] ERROR
2026-07-18 13:20:13 | INFO | [EVENTLOG] ERROR
2026-07-18 13:20:23 | INFO | [EVENTLOG] ERROR
2026-07-18 13:20:23 | INFO | [EVENTLOG] ERROR
2026-07-18 13:20:23 | INFO | [EVENTLOG] ERROR
2026-07-18 13:20:23 | INFO | [EVENTLOG] ERROR
2026-07-18 13:20:23 | INFO | [EVENTLOG] ERROR
2026-07-18 13:20:23 | INFO | [EVENTLOG] WARNING
2026-07-18 13:20:53 | INFO | [EVENTLOG] WARNING
2026-07-18 13:20:53 | INFO | [EVENTLOG] WARNING
2026-07-18 13:21:13 | INFO | [EVENTLOG] WARNING
2026-07-18 13:21:13 | INFO | [EVENTLOG] WARNING
2026-07-18 13:21:23 | INFO | [EVENTLOG] WARNING
2026-07-18 13:21:33 | INFO | [EVENTLOG] WARNING
2026-07-18 13:21:33 | INFO | [EVENTLOG] ERROR
2026-07-18 13:21:43 | INFO | [EVENTLOG] WARNING
2026-07-18 13:22:13 | INFO | [EVENTLOG] WARNING
2026-07-18 13:22:43 | INFO | [EVENTLOG] WARNING
2026-07-18 13:22:43 | INFO | [EVENTLOG] WARNING
2026-07-18 13:22:53 | INFO | [EVENTLOG] WARNING
2026-07-18 13:23:03 | INFO | [EVENTLOG] ERROR
2026-07-18 13:23:13 | INFO | [EVENTLOG] WARNING
2026-07-18 13:23:33 | INFO | [EVENTLOG] ERROR
2026-07-18 13:23:43 | INFO | [EVENTLOG] WARNING
2026-07-18 13:23:43 | INFO | [EVENTLOG] WARNING
2026-07-18 13:23:53 | INFO | [EVENTLOG] WARNING
2026-07-18 13:23:53 | INFO | [EVENTLOG] WARNING
2026-07-18 13:24:03 | INFO | [EVENTLOG] WARNING
2026-07-18 13:24:03 | INFO | [EVENTLOG] WARNING
2026-07-18 13:24:03 | INFO | [EVENTLOG] WARNING
2026-07-18 13:24:03 | INFO | [EVENTLOG] WARNING
2026-07-18 13:24:13 | INFO | [EVENTLOG] WARNING
2026-07-18 13:24:13 | INFO | [EVENTLOG] WARNING
2026-07-18 13:24:23 | INFO | [EVENTLOG] WARNING
2026-07-18 13:24:23 | INFO | [EVENTLOG] WARNING
2026-07-18 13:24:33 | INFO | [EVENTLOG] WARNING
2026-07-18 13:24:33 | INFO | [EVENTLOG] WARNING
2026-07-18 13:24:43 | INFO | [EVENTLOG] WARNING
2026-07-18 13:24:43 | INFO | [EVENTLOG] WARNING
2026-07-18 13:24:43 | INFO | [EVENTLOG] WARNING
2026-07-18 13:24:43 | INFO | [EVENTLOG] WARNING
2026-07-18 13:25:31 | INFO | SentinelAI Stopped
